2017-10-18 07:54:44 Error: [PDOException] SQLSTATE[42000]: Syntax error or access violation: 1064 You have an error in your SQL syntax; check the manual that corresponds to your MariaDB server version for the right syntax to use near '.`com`' at line 1 in F:\xampp\htdocs\cakephpsetup\vendor\cakephp\cakephp\src\Database\Statement\MysqlStatement.php on line 39
Stack Trace:
#0 F:\xampp\htdocs\cakephpsetup\vendor\cakephp\cakephp\src\Database\Statement\MysqlStatement.php(39): PDOStatement->execute(NULL)
#1 F:\xampp\htdocs\cakephpsetup\vendor\cakephp\cakephp\src\Database\Connection.php(328): Cake\Database\Statement\MysqlStatement->execute()
#2 F:\xampp\htdocs\cakephpsetup\vendor\cakephp\cakephp\src\Database\Connection.php(284): Cake\Database\Connection->query('SHOW TABLES FRO...')
#3 F:\xampp\htdocs\cakephpsetup\vendor\cakephp\cakephp\src\Database\Schema\Collection.php(64): Cake\Database\Connection->execute('SHOW TABLES FRO...', Array)
#4 F:\xampp\htdocs\cakephpsetup\vendor\cakephp\bake\src\Shell\Task\ModelTask.php(1031): Cake\Database\Schema\Collection->listTables()
#5 F:\xampp\htdocs\cakephpsetup\vendor\cakephp\bake\src\Shell\Task\ModelTask.php(982): Bake\Shell\Task\ModelTask->_getAllTables()
#6 F:\xampp\htdocs\cakephpsetup\vendor\cakephp\bake\src\Shell\Task\ModelTask.php(997): Bake\Shell\Task\ModelTask->listAll()
#7 F:\xampp\htdocs\cakephpsetup\vendor\cakephp\bake\src\Shell\Task\ModelTask.php(93): Bake\Shell\Task\ModelTask->listUnskipped()
#8 F:\xampp\htdocs\cakephpsetup\vendor\cakephp\cakephp\src\Console\Shell.php(508): Bake\Shell\Task\ModelTask->main()
#9 F:\xampp\htdocs\cakephpsetup\vendor\cakephp\cakephp\src\Console\Shell.php(501): Cake\Console\Shell->runCommand(Array, false, Array)
#10 F:\xampp\htdocs\cakephpsetup\vendor\cakephp\cakephp\src\Console\CommandRunner.php(141): Cake\Console\Shell->runCommand(Array, true)
#11 F:\xampp\htdocs\cakephpsetup\bin\cake.php(12): Cake\Console\CommandRunner->run(Array)
#12 {main}


2017-10-18 07:55:05 Error: [PDOException] SQLSTATE[42000]: Syntax error or access violation: 1064 You have an error in your SQL syntax; check the manual that corresponds to your MariaDB server version for the right syntax to use near '.`com`' at line 1 in F:\xampp\htdocs\cakephpsetup\vendor\cakephp\cakephp\src\Database\Statement\MysqlStatement.php on line 39
Stack Trace:
#0 F:\xampp\htdocs\cakephpsetup\vendor\cakephp\cakephp\src\Database\Statement\MysqlStatement.php(39): PDOStatement->execute(NULL)
#1 F:\xampp\htdocs\cakephpsetup\vendor\cakephp\cakephp\src\Database\Connection.php(328): Cake\Database\Statement\MysqlStatement->execute()
#2 F:\xampp\htdocs\cakephpsetup\vendor\cakephp\cakephp\src\Database\Connection.php(284): Cake\Database\Connection->query('SHOW TABLES FRO...')
#3 F:\xampp\htdocs\cakephpsetup\vendor\cakephp\cakephp\src\Database\Schema\Collection.php(64): Cake\Database\Connection->execute('SHOW TABLES FRO...', Array)
#4 F:\xampp\htdocs\cakephpsetup\vendor\cakephp\bake\src\Shell\Task\ModelTask.php(1031): Cake\Database\Schema\Collection->listTables()
#5 F:\xampp\htdocs\cakephpsetup\vendor\cakephp\bake\src\Shell\Task\ModelTask.php(982): Bake\Shell\Task\ModelTask->_getAllTables()
#6 F:\xampp\htdocs\cakephpsetup\vendor\cakephp\bake\src\Shell\Task\ModelTask.php(212): Bake\Shell\Task\ModelTask->listAll()
#7 F:\xampp\htdocs\cakephpsetup\vendor\cakephp\bake\src\Shell\Task\ModelTask.php(130): Bake\Shell\Task\ModelTask->getAssociations(Object(Cake\ORM\Table))
#8 F:\xampp\htdocs\cakephpsetup\vendor\cakephp\bake\src\Shell\Task\ModelTask.php(113): Bake\Shell\Task\ModelTask->getTableContext(Object(Cake\ORM\Table), 'admins', 'Admins')
#9 F:\xampp\htdocs\cakephpsetup\vendor\cakephp\bake\src\Shell\Task\ModelTask.php(100): Bake\Shell\Task\ModelTask->bake('Admins')
#10 F:\xampp\htdocs\cakephpsetup\vendor\cakephp\cakephp\src\Console\Shell.php(508): Bake\Shell\Task\ModelTask->main('admins')
#11 F:\xampp\htdocs\cakephpsetup\vendor\cakephp\cakephp\src\Console\Shell.php(501): Cake\Console\Shell->runCommand(Array, false, Array)
#12 F:\xampp\htdocs\cakephpsetup\vendor\cakephp\cakephp\src\Console\CommandRunner.php(141): Cake\Console\Shell->runCommand(Array, true)
#13 F:\xampp\htdocs\cakephpsetup\bin\cake.php(12): Cake\Console\CommandRunner->run(Array)
#14 {main}


2017-10-18 07:56:02 Error: [PDOException] SQLSTATE[42000]: Syntax error or access violation: 1064 You have an error in your SQL syntax; check the manual that corresponds to your MariaDB server version for the right syntax to use near '.`com`' at line 1 in F:\xampp\htdocs\cakephpsetup\vendor\cakephp\cakephp\src\Database\Statement\MysqlStatement.php on line 39
Stack Trace:
#0 F:\xampp\htdocs\cakephpsetup\vendor\cakephp\cakephp\src\Database\Statement\MysqlStatement.php(39): PDOStatement->execute(NULL)
#1 F:\xampp\htdocs\cakephpsetup\vendor\cakephp\cakephp\src\Database\Connection.php(328): Cake\Database\Statement\MysqlStatement->execute()
#2 F:\xampp\htdocs\cakephpsetup\vendor\cakephp\cakephp\src\Database\Connection.php(284): Cake\Database\Connection->query('SHOW TABLES FRO...')
#3 F:\xampp\htdocs\cakephpsetup\vendor\cakephp\cakephp\src\Database\Schema\Collection.php(64): Cake\Database\Connection->execute('SHOW TABLES FRO...', Array)
#4 F:\xampp\htdocs\cakephpsetup\vendor\cakephp\bake\src\Shell\Task\ModelTask.php(1031): Cake\Database\Schema\Collection->listTables()
#5 F:\xampp\htdocs\cakephpsetup\vendor\cakephp\bake\src\Shell\Task\ModelTask.php(982): Bake\Shell\Task\ModelTask->_getAllTables()
#6 F:\xampp\htdocs\cakephpsetup\vendor\cakephp\bake\src\Shell\Task\ModelTask.php(997): Bake\Shell\Task\ModelTask->listAll()
#7 F:\xampp\htdocs\cakephpsetup\vendor\cakephp\bake\src\Shell\Task\ControllerTask.php(261): Bake\Shell\Task\ModelTask->listUnskipped()
#8 F:\xampp\htdocs\cakephpsetup\vendor\cakephp\bake\src\Shell\Task\ControllerTask.php(61): Bake\Shell\Task\ControllerTask->listAll()
#9 F:\xampp\htdocs\cakephpsetup\vendor\cakephp\cakephp\src\Console\Shell.php(508): Bake\Shell\Task\ControllerTask->main()
#10 F:\xampp\htdocs\cakephpsetup\vendor\cakephp\cakephp\src\Console\Shell.php(501): Cake\Console\Shell->runCommand(Array, false, Array)
#11 F:\xampp\htdocs\cakephpsetup\vendor\cakephp\cakephp\src\Console\CommandRunner.php(141): Cake\Console\Shell->runCommand(Array, true)
#12 F:\xampp\htdocs\cakephpsetup\bin\cake.php(12): Cake\Console\CommandRunner->run(Array)
#13 {main}


2017-10-18 07:57:36 Error: [PDOException] SQLSTATE[42000]: Syntax error or access violation: 1064 You have an error in your SQL syntax; check the manual that corresponds to your MariaDB server version for the right syntax to use near '.`com`' at line 1 in F:\xampp\htdocs\cakephpsetup\vendor\cakephp\cakephp\src\Database\Statement\MysqlStatement.php on line 39
Stack Trace:
#0 F:\xampp\htdocs\cakephpsetup\vendor\cakephp\cakephp\src\Database\Statement\MysqlStatement.php(39): PDOStatement->execute(NULL)
#1 F:\xampp\htdocs\cakephpsetup\vendor\cakephp\cakephp\src\Database\Connection.php(328): Cake\Database\Statement\MysqlStatement->execute()
#2 F:\xampp\htdocs\cakephpsetup\vendor\cakephp\cakephp\src\Database\Connection.php(284): Cake\Database\Connection->query('SHOW TABLES FRO...')
#3 F:\xampp\htdocs\cakephpsetup\vendor\cakephp\cakephp\src\Database\Schema\Collection.php(64): Cake\Database\Connection->execute('SHOW TABLES FRO...', Array)
#4 F:\xampp\htdocs\cakephpsetup\vendor\cakephp\bake\src\Shell\Task\ModelTask.php(1031): Cake\Database\Schema\Collection->listTables()
#5 F:\xampp\htdocs\cakephpsetup\vendor\cakephp\bake\src\Shell\Task\ModelTask.php(982): Bake\Shell\Task\ModelTask->_getAllTables()
#6 F:\xampp\htdocs\cakephpsetup\vendor\cakephp\bake\src\Shell\Task\ModelTask.php(997): Bake\Shell\Task\ModelTask->listAll()
#7 F:\xampp\htdocs\cakephpsetup\vendor\cakephp\bake\src\Shell\Task\ControllerTask.php(261): Bake\Shell\Task\ModelTask->listUnskipped()
#8 F:\xampp\htdocs\cakephpsetup\vendor\cakephp\bake\src\Shell\Task\ControllerTask.php(61): Bake\Shell\Task\ControllerTask->listAll()
#9 F:\xampp\htdocs\cakephpsetup\vendor\cakephp\cakephp\src\Console\Shell.php(508): Bake\Shell\Task\ControllerTask->main()
#10 F:\xampp\htdocs\cakephpsetup\vendor\cakephp\cakephp\src\Console\Shell.php(501): Cake\Console\Shell->runCommand(Array, false, Array)
#11 F:\xampp\htdocs\cakephpsetup\vendor\cakephp\cakephp\src\Console\CommandRunner.php(141): Cake\Console\Shell->runCommand(Array, true)
#12 F:\xampp\htdocs\cakephpsetup\bin\cake.php(12): Cake\Console\CommandRunner->run(Array)
#13 {main}


